C51 COMPILER V9.00   CO2                                                                   07/20/2018 15:42:51 PAGE 1   


C51 COMPILER V9.00, COMPILATION OF MODULE CO2
OBJECT MODULE PLACED IN .\Output\CO2.obj
COMPILER INVOKED BY: E:\Program Files\keil5\C51\BIN\C51.EXE Modules\CO2.c LARGE OPTIMIZE(8,SPEED) BROWSE DEBUG OBJECTEXT
                    -END PRINT(.\Listing\CO2.lst) TABS(2) OBJECT(.\Output\CO2.obj)

line level    source

   1          /*****************************************************************
   2          **                   大连理工大学 创新创业学院
   3          **                       物联网应用工坊
   4          **---------------------------------------------------------------
   5          ** 项目名称：   WTZP1.0-BlueBerry
   6          ** 日    期：   2018-07-10
   7          ** 作    者：   王世许
   8          **---------------------------------------------------------------
   9          ** 文 件 名：   CO2.c
  10          ** 文件说明：   二氧化碳浓度测量
  11          *****************************************************************/
  12          
  13          /*---------------------INCLUDES----------------------*/
  14          #include "CO2.h"
  15          /*---------------------VARIABLES---------------------*/
  16          
  17          
  18          /*---------------------FUNCTIONS---------------------*/ 
  19          
  20          /***********************************************************************
  21          ** 函 数 名： Get_CO2()
  22          ** 函数说明： 设置AD口
  23          **---------------------------------------------------------------------
  24          ** 输入参数： 二氧化碳浓度测量
  25          ** 返回参数： 二氧化碳浓度（ppm)
  26          ***********************************************************************/
  27          uint16 Get_CO2()
  28          {
  29   1         uint16 temp;
  30   1         temp=GetAD(0x02);
  31   1         return 2.4414*temp;
  32   1      }


MODULE INFORMATION:   STATIC OVERLAYABLE
   CODE SIZE        =     28    ----
   CONSTANT SIZE    =   ----    ----
   XDATA SIZE       =   ----    ----
   PDATA SIZE       =   ----    ----
   DATA SIZE        =   ----    ----
   IDATA SIZE       =   ----    ----
   BIT SIZE         =   ----    ----
END OF MODULE INFORMATION.


C51 COMPILATION COMPLETE.  0 WARNING(S),  0 ERROR(S)
