C51 COMPILER V9.00   CONTROL                                                               07/30/2018 17:32:33 PAGE 1   


C51 COMPILER V9.00, COMPILATION OF MODULE CONTROL
OBJECT MODULE PLACED IN .\Output\Control.obj
COMPILER INVOKED BY: E:\Program Files\keil5\C51\BIN\C51.EXE Modules\Control.c LARGE OPTIMIZE(8,SPEED) BROWSE DEBUG OBJEC
                    -TEXTEND PRINT(.\Listing\Control.lst) TABS(2) OBJECT(.\Output\Control.obj)

line level    source

   1          /*****************************************************************
   2          **                   大连理工大学 创新创业学院
   3          **                       物联网应用工坊
   4          **---------------------------------------------------------------
   5          ** 项目名称：   WTZP1.0-BlueBerry
   6          ** 日    期：   2018-07-21
   7          ** 作    者：   温武军
   8          **---------------------------------------------------------------
   9          ** 文 件 名：   Control.c
  10          ** 文件说明：   泵控制功能模块
  11          *****************************************************************/
  12          /*---------------------INCLUDES----------------------*/
  13          #include "Control.h"
  14          
  15          /*---------------------VARIABLES---------------------*/
  16          
  17          
  18          
  19          
  20          /*---------------------FUNCTIONS---------------------*/
  21          /*{
  22          MOS1=0;
  23          MOS2=0;
  24          MOS3=0;
  25          MOS4=0;
  26          }*///0 off 1 on


MODULE INFORMATION:   STATIC OVERLAYABLE
   CODE SIZE        =   ----    ----
   CONSTANT SIZE    =   ----    ----
   XDATA SIZE       =   ----    ----
   PDATA SIZE       =   ----    ----
   DATA SIZE        =   ----    ----
   IDATA SIZE       =   ----    ----
   BIT SIZE         =   ----    ----
END OF MODULE INFORMATION.


C51 COMPILATION COMPLETE.  0 WARNING(S),  0 ERROR(S)
