C51 COMPILER V9.00   LCD                                                                   08/28/2018 17:24:45 PAGE 1   


C51 COMPILER V9.00, COMPILATION OF MODULE LCD
OBJECT MODULE PLACED IN .\Output\LCD.obj
COMPILER INVOKED BY: E:\Program Files\keil5\C51\BIN\C51.EXE Modules\LCD.c LARGE OPTIMIZE(8,SPEED) BROWSE DEBUG OBJECTEXT
                    -END PRINT(.\Listing\LCD.lst) TABS(2) OBJECT(.\Output\LCD.obj)

line level    source

   1          /*****************************************************************
   2          **                   大连理工大学 创新创业学院
   3          **                       物联网应用工坊
   4          **---------------------------------------------------------------
   5          ** 项目名称：   WTZP1.0-BlueBerry
   6          ** 日    期：   2018-07-30
   7          ** 作    者：   温武军
   8          **---------------------------------------------------------------
   9          ** 文 件 名：   LCD.c
  10          ** 文件说明：   串口屏通信
  11          *****************************************************************/
  12          /*---------------------INCLUDES----------------------*/
  13          #include "LCD.h"
  14          
  15          /*---------------------VARIABLES---------------------*/
  16          uint8 xdata lcd_buf[64];
  17          char xdata LCDAck[25];
  18          uint8 LCDReccount=0;//接收数组控制位
  19          
  20          /*---------------------FUNCTIONS---------------------*/
  21          /***********************************************************************
  22          ** 函 数 名： LCDSend()
  23          ** 函数说明： 发送数据到串口屏
  24          **---------------------------------------------------------------------
  25          ** 输入参数： uint8 site,uint32 dat
  26          ** 返回参数： 无
  27          ***********************************************************************/                                  
             -                                
  28          void LCDSend(uint8 site,float dat)
  29          {
  30   1         UartSend3(0xEE);
  31   1         UartSend3(0xB1);UartSend3(0x10);
  32   1         UartSend3(0x00);UartSend3(0x01);
  33   1         UartSend3(0x00);UartSend3((char)site);//控件编号
  34   1         sprintf(lcd_buf,"%.1f",dat);
  35   1         UartSend3_str(lcd_buf);
  36   1         UartSend3(0xFF);UartSend3(0xFC);UartSend3(0xFF);UartSend3(0xFF);
  37   1      }
  38          /***********************************************************************
  39          ** 函 数 名： LCDRec()
  40          ** 函数说明： 从串口屏接收数据到单片机
  41          **---------------------------------------------------------------------
  42          ** 输入参数： 无
  43          ** 返回参数： uint8(操作码)
  44          ***********************************************************************/
  45          uint8 LCDRec()
  46          {
  47   1        uint8 j=0;
  48   1        if(LCDAck[1])
  49   1        {
  50   2          j=1;//有泵控制响应
  51   2        }
  52   1        return j;//没有响应返回0
  53   1      }
C51 COMPILER V9.00   LCD                                                                   08/28/2018 17:24:45 PAGE 2   

  54          /***********************************************************************
  55          ** 函 数 名： LCDAnalyse()
  56          ** 函数说明： 从串口屏接收的数据进行分析
  57          **---------------------------------------------------------------------
  58          ** 输入参数： 无
  59          ** 返回参数： uint8(操作码)
  60          ***********************************************************************/
  61          uint8 LCDAnalyse()
  62          {
  63   1        uint8 ACKDate;
  64   1        ACKDate=LCDAck[1];
  65   1        return ACKDate;
  66   1      }
  67          /***********************************************************************
  68          ** 函 数 名： LCDKeyControl()
  69          ** 函数说明： 控制串口屏按键
  70          **---------------------------------------------------------------------
  71          ** 输入参数： uint8 site,uint32 dat
  72          ** 返回参数： 无
  73          ***********************************************************************/  
  74          void LCDKeyControl(uint8 site,uint8 dat)
  75          {
  76   1         UartSend3(0xEE);
  77   1         UartSend3(0xB1);UartSend3(0x10);
  78   1         UartSend3(0x00);UartSend3(0x01);//画面ID
  79   1         UartSend3(0x00);UartSend3(site);//控件编号
  80   1         UartSend3(dat);//按键状态
  81   1         UartSend3(0xFF);UartSend3(0xFC);UartSend3(0xFF);UartSend3(0xFF);
  82   1      }
  83          /***********************************************************************
  84          ** 函 数 名： LCDTypeRead()
  85          ** 函数说明： 读取串口屏数据
  86          **---------------------------------------------------------------------
  87          ** 输入参数： uint8 FaceID,uint8 site
  88          ** 返回参数： 无
  89          ***********************************************************************/  
  90          void LCDTypeRead(uint8 FaceID,uint8 site)
  91          {
  92   1         UartSend3(0xEE);
  93   1         UartSend3(0xB1);UartSend3(0x11);
  94   1         UartSend3(0x00);UartSend3(FaceID);
  95   1         UartSend3(0x00);UartSend3(site);//控件编号
  96   1         UartSend3(0xFF);UartSend3(0xFC);UartSend3(0xFF);UartSend3(0xFF);
  97   1      }


MODULE INFORMATION:   STATIC OVERLAYABLE
   CODE SIZE        =    274    ----
   CONSTANT SIZE    =      5    ----
   XDATA SIZE       =     90       9
   PDATA SIZE       =   ----    ----
   DATA SIZE        =   ----    ----
   IDATA SIZE       =   ----    ----
   BIT SIZE         =   ----    ----
END OF MODULE INFORMATION.


C51 COMPILATION COMPLETE.  0 WARNING(S),  0 ERROR(S)
