C51 COMPILER V9.00   MAIN                                                                  08/28/2018 17:24:45 PAGE 1   


C51 COMPILER V9.00, COMPILATION OF MODULE MAIN
OBJECT MODULE PLACED IN .\Output\Main.obj
COMPILER INVOKED BY: E:\Program Files\keil5\C51\BIN\C51.EXE System\Main.c LARGE OPTIMIZE(8,SPEED) BROWSE DEBUG OBJECTEXT
                    -END PRINT(.\Listing\Main.lst) TABS(2) OBJECT(.\Output\Main.obj)

line level    source

   1          /*****************************************************************
   2          **                   大连理工大学 创新创业学院
   3          **                       物联网应用工坊
   4          **---------------------------------------------------------------
   5          ** 项目名称：   WTZP1.0-BlueBerry
   6          ** 日    期：   2018-07-07
   7          ** 作    者：   王老师
   8          **---------------------------------------------------------------
   9          ** 文 件 名：   Main.c
  10          ** 文件说明：   主函数
  11          *****************************************************************/
  12          
  13          /*---------------------INCLUDES----------------------*/
  14          #include ".\System\System.h"
  15          
  16          
  17          /*---------------------VARIABLES---------------------*/
  18          
  19          
  20          /*---------------------FUNCTIONS---------------------*/
  21          
  22          /***********************************************************************
  23          ** 函 数 名： main()
  24          ** 函数说明： 主函数
  25          **---------------------------------------------------------------------
  26          ** 输入参数： 无
  27          ** 返回参数： 无
  28          ***********************************************************************/
  29          void main(void)
  30          {
  31   1        //系统初始化
  32   1        InitSystem();
  33   1      
  34   1        //系统工作
  35   1        StartSystem();
  36   1      }


MODULE INFORMATION:   STATIC OVERLAYABLE
   CODE SIZE        =      6    ----
   CONSTANT SIZE    =   ----    ----
   XDATA SIZE       =   ----    ----
   PDATA SIZE       =   ----    ----
   DATA SIZE        =   ----    ----
   IDATA SIZE       =   ----    ----
   BIT SIZE         =   ----    ----
END OF MODULE INFORMATION.


C51 COMPILATION COMPLETE.  0 WARNING(S),  0 ERROR(S)
