C51 COMPILER V9.00   PH                                                                    07/20/2018 15:42:51 PAGE 1   


C51 COMPILER V9.00, COMPILATION OF MODULE PH
OBJECT MODULE PLACED IN .\Output\PH.obj
COMPILER INVOKED BY: E:\Program Files\keil5\C51\BIN\C51.EXE Modules\PH.c LARGE OPTIMIZE(8,SPEED) BROWSE DEBUG OBJECTEXTE
                    -ND PRINT(.\Listing\PH.lst) TABS(2) OBJECT(.\Output\PH.obj)

line level    source

   1          /*****************************************************************
   2          **                   大连理工大学 创新创业学院
   3          **                       物联网应用工坊
   4          **---------------------------------------------------------------
   5          ** 项目名称：   WTZP1.0-BlueBerry
   6          ** 日    期：   2018-07-10
   7          ** 作    者：   迟旭
   8          **---------------------------------------------------------------
   9          ** 文 件 名：   PH.c
  10          ** 文件说明：   溶液ph测量
  11          *****************************************************************/
  12          
  13          /*---------------------INCLUDES----------------------*/
  14          #include "PH.h"
  15          
  16          /*---------------------VARIABLES---------------------*/
  17          int16  idata ph_value = 0;
  18          float idata ph_k = -10.422f; //-10.422
  19          float idata ph_b = 28388.7324f; //28388.7324
  20          
  21          int16 xdata ph_para_x1; //v2-2.249v 1843 //v2 1842 
  22          int16 xdata ph_para_y1; //ph9.18 9180  //ph9.18 9180
  23          int16 xdata ph_para_x2; //v1-2.856v 2340 //v1 2341 
  24          int16 xdata ph_para_y2; //ph4.0 4000   //ph4.0 4000
  25          
  26          /*---------------------FUNCTIONS---------------------*/
  27          /***********************************************************************
  28          ** 函 数 名： InitPara()
  29          ** 函数说明： pH参数初始化
  30          **---------------------------------------------------------------------
  31          ** 输入参数： 无
  32          ** 返回参数： 无
  33          ***********************************************************************/
  34          void InitPh(void)
  35          {
  36   1        ph_para_x1 = 1842;
  37   1        ph_para_y1 = 9180;
  38   1        ph_para_x2 = 2341;
  39   1        ph_para_y2 = 4000;
  40   1      
  41   1        if(ph_para_x1 != ph_para_x2)
  42   1        {
  43   2          if(ph_para_y1 > ph_para_y2)
  44   2          {
  45   3            ph_k = 1.0f*(ph_para_y2-ph_para_y1)/(ph_para_x2-ph_para_x1);    
  46   3          }
  47   2          else
  48   2          {
  49   3            ph_k = 1.0f*(ph_para_y1-ph_para_y2)/(ph_para_x1-ph_para_x2);
  50   3          }
  51   2        
  52   2          ph_b = ph_para_y1-ph_k*ph_para_x1;
  53   2        }
  54   1      }
C51 COMPILER V9.00   PH                                                                    07/20/2018 15:42:51 PAGE 2   

  55          /***********************************************************************
  56          ** 函 数 名： GetADFilter()
  57          ** 函数说明： 得到的数字量取平均值
  58          **---------------------------------------------------------------------
  59          ** 输入参数： uint8
  60          ** 返回参数： uint16
  61          ***********************************************************************/
  62          uint16 GetADFilter(uint8 n)
  63          {
  64   1        uint8 i;
  65   1        uint16 j;
  66   1        uint32 sum=0;
  67   1      
  68   1        for(i=0;i<100;i++)
  69   1        {
  70   2          sum += GetAD(n);
  71   2      
  72   2          for(j=0;j<1000;j++);
  73   2        }
  74   1      
  75   1        return sum/100; 
  76   1      }
  77          /***********************************************************************
  78          ** 函 数 名： ph()
  79          ** 函数说明： 完成AD转换，获得ph数字量
  80          **---------------------------------------------------------------------
  81          ** 输入参数： 无
  82          ** 返回参数： int16
  83          ***********************************************************************/
  84          uint16 ph()
  85          {
  86   1        uint16 tmp;
  87   1        tmp=GetADFilter(0x05); //P1.5 PH
  88   1        ph_value = ph_k*tmp+ph_b;
  89   1        return ph_value;
  90   1      }


MODULE INFORMATION:   STATIC OVERLAYABLE
   CODE SIZE        =    431    ----
   CONSTANT SIZE    =   ----    ----
   XDATA SIZE       =      8       6
   PDATA SIZE       =   ----    ----
   DATA SIZE        =   ----    ----
   IDATA SIZE       =     10    ----
   BIT SIZE         =   ----    ----
END OF MODULE INFORMATION.


C51 COMPILATION COMPLETE.  0 WARNING(S),  0 ERROR(S)
