C51 COMPILER V9.00   SYSTEM                                                                07/08/2018 21:00:05 PAGE 1   


C51 COMPILER V9.00, COMPILATION OF MODULE SYSTEM
OBJECT MODULE PLACED IN .\Output\System.obj
COMPILER INVOKED BY: C:\Keil_v5\C51\BIN\C51.EXE System\System.c OPTIMIZE(8,SPEED) BROWSE DEBUG OBJECTEXTEND PRINT(.\List
                    -ing\System.lst) TABS(2) OBJECT(.\Output\System.obj)

line level    source

   1          /*****************************************************************
   2          **                   大连理工大学 创新创业学院
   3          **                       物联网应用工坊
   4          **---------------------------------------------------------------
   5          ** 项目名称：   WTZP1.0-BlueBerry
   6          ** 日    期：   2018-07-07
   7          ** 作    者：   王老师
   8          **---------------------------------------------------------------
   9          ** 文 件 名：   System.c
  10          ** 文件说明：   系统功能
  11          *****************************************************************/
  12          
  13          /*---------------------INCLUDES----------------------*/
  14          #include ".\Drivers\Drivers.h"
  15          #include ".\Modules\Modules.h"
  16          #include ".\System\System.h"
  17          
  18          /*---------------------VARIABLES---------------------*/
  19          
  20          extern float ECCon;
  21          
  22          /*---------------------FUNCTIONS---------------------*/
  23          
  24          /***********************************************************************
  25          ** 函 数 名： InitSystem()
  26          ** 函数说明： 初始化系统
  27          **---------------------------------------------------------------------
  28          ** 输入参数： 无
  29          ** 返回参数： 无
  30          ***********************************************************************/
  31          void InitSystem(void)
  32          {
  33   1        InitI2C();
  34   1        InitUart1();
  35   1        AD5933Init();
  36   1      }
  37          
  38          /***********************************************************************
  39          ** 函 数 名： StartSystem()
  40          ** 函数说明： 运行系统
  41          **---------------------------------------------------------------------
  42          ** 输入参数： 无
  43          ** 返回参数： 无
  44          ***********************************************************************/
  45          void StartSystem(void)
  46          {
  47   1        //存储变量区
  48   1        int LiquidT;
  49   1        //
  50   1          DS18B20Start();
  51   1          Read_AD5933_Temperature();
  52   1        //
  53   1          while(1)
  54   1          {
C51 COMPILER V9.00   SYSTEM                                                                07/08/2018 21:00:05 PAGE 2   

  55   2            EC();
  56   2            DS18B20Start();
  57   2            delay1s();
  58   2            delay1s();
  59   2            LiquidT=DS18B20();
  60   2            UartSend_Byte(ECCon,4); 
  61   2            AD5933Init();
  62   2          }
  63   1      
  64   1      }
  65          


MODULE INFORMATION:   STATIC OVERLAYABLE
   CODE SIZE        =     56    ----
   CONSTANT SIZE    =   ----    ----
   XDATA SIZE       =   ----    ----
   PDATA SIZE       =   ----    ----
   DATA SIZE        =   ----       2
   IDATA SIZE       =   ----    ----
   BIT SIZE         =   ----    ----
END OF MODULE INFORMATION.


C51 COMPILATION COMPLETE.  0 WARNING(S),  0 ERROR(S)
